<?xml version="1.0" encoding="UTF-8"?>
<!-- Generated by org.testng.reporters.JUnitXMLReporter -->
<testsuite hostname="Manish-PC" ignored="0" name="Test" tests="1" failures="1" timestamp="16 May 2019 14:34:50 GMT" time="60.099" errors="0">
  <testcase name="testImtHomePage" time="52.834" classname="tests.ImtHomePageTest">
    <failure type="java.lang.RuntimeException" message="com.galenframework.support.LayoutValidationException: C:\Users\Manish\Desktop\M3bi\UI/src/test/java/resources/specFiles/imtHomePage.spec, tags: [desktop]
  - &amp;quot;INSURE&amp;quot; is absent on page (C:\Users\Manish\Desktop\M3bi\UI/src/test/java/resources/specFiles/imtHomePage.spec:35)
  - &amp;quot;CONDITIONS&amp;quot; is absent on page (C:\Users\Manish\Desktop\M3bi\UI/src/test/java/resources/specFiles/imtHomePage.spec:38)
  - &amp;quot;FAQS&amp;quot; is absent on page (C:\Users\Manish\Desktop\M3bi\UI/src/test/java/resources/specFiles/imtHomePage.spec:41)
  - &amp;quot;SIGNIN&amp;quot; is absent on page (C:\Users\Manish\Desktop\M3bi\UI/src/test/java/resources/specFiles/imtHomePage.spec:44)
  - &amp;quot;Car_Image&amp;quot; height is 232px instead of 272px (C:\Users\Manish\Desktop\M3bi\UI/src/test/java/resources/specFiles/imtHomePage.spec:48)
  - &amp;quot;Car_Image&amp;quot; width is 556px instead of 1011px (C:\Users\Manish\Desktop\M3bi\UI/src/test/java/resources/specFiles/imtHomePage.spec:49)
  - Cannot find locator for &amp;quot;WelcomeText_EntireBox&amp;quot; in page spec (C:\Users\Manish\Desktop\M3bi\UI/src/test/java/resources/specFiles/imtHomePage.spec:50)
  - &amp;quot;OutsideWelcomeText_EntireBox&amp;quot; is absent on page (C:\Users\Manish\Desktop\M3bi\UI/src/test/java/resources/specFiles/imtHomePage.spec:53)
  - &amp;quot;OutsideWelcomeText_EntireBox&amp;quot; is absent on page (C:\Users\Manish\Desktop\M3bi\UI/src/test/java/resources/specFiles/imtHomePage.spec:54)
  - &amp;quot;OutsideWelcomeText_EntireBox&amp;quot; is absent on page (C:\Users\Manish\Desktop\M3bi\UI/src/test/java/resources/specFiles/imtHomePage.spec:55)
  - &amp;quot;OutsideWelcomeText_EntireBox&amp;quot; is absent on page (C:\Users\Manish\Desktop\M3bi\UI/src/test/java/resources/specFiles/imtHomePage.spec:56)
  - &amp;quot;OutsideWelcomeText_EntireBox&amp;quot; is absent on page (C:\Users\Manish\Desktop\M3bi\UI/src/test/java/resources/specFiles/imtHomePage.spec:57)
  - &amp;quot;OutsideWelcomeText_EntireBox&amp;quot; is absent on page (C:\Users\Manish\Desktop\M3bi\UI/src/test/java/resources/specFiles/imtHomePage.spec:58)
  - &amp;quot;OutsideWelcomeText_EntireBox&amp;quot; is absent on page (C:\Users\Manish\Desktop\M3bi\UI/src/test/java/resources/specFiles/imtHomePage.spec:59)
  - &amp;quot;OutsideWelcomeText_EntireBox&amp;quot; is absent on page (C:\Users\Manish\Desktop\M3bi\UI/src/test/java/resources/specFiles/imtHomePage.spec:60)
  - &amp;quot;OutsideWelcomeText_EntireBox&amp;quot; is absent on page (C:\Users\Manish\Desktop\M3bi\UI/src/test/java/resources/specFiles/imtHomePage.spec:61)
  - &amp;quot;Plate_Number&amp;quot; height is 68.0px instead of 67.5px (C:\Users\Manish\Desktop\M3bi\UI/src/test/java/resources/specFiles/imtHomePage.spec:65)
  - &amp;quot;Plate_Number&amp;quot; width is 225.0px instead of 448.5px (C:\Users\Manish\Desktop\M3bi\UI/src/test/java/resources/specFiles/imtHomePage.spec:66)
  - &amp;quot;Plate_Number&amp;quot; css property &amp;quot;background-color&amp;quot; is &amp;quot;rgba(255, 255, 255, 1)&amp;quot; but should be &amp;quot;#FFFFFF&amp;quot; (C:\Users\Manish\Desktop\M3bi\UI/src/test/java/resources/specFiles/imtHomePage.spec:67)
  - Cannot find locator for &amp;quot;flag&amp;quot; in page spec (C:\Users\Manish\Desktop\M3bi\UI/src/test/java/resources/specFiles/imtHomePage.spec:68)
  - &amp;quot;Flag&amp;quot; height is 68px instead of 67px (C:\Users\Manish\Desktop\M3bi\UI/src/test/java/resources/specFiles/imtHomePage.spec:71)
  - &amp;quot;Flag&amp;quot; width is 49px instead of 48px (C:\Users\Manish\Desktop\M3bi\UI/src/test/java/resources/specFiles/imtHomePage.spec:72)
  - &amp;quot;Continue_button&amp;quot; height is 16px instead of 50px (C:\Users\Manish\Desktop\M3bi\UI/src/test/java/resources/specFiles/imtHomePage.spec:75)
  - &amp;quot;Continue_button&amp;quot; width is 63px instead of 217px (C:\Users\Manish\Desktop\M3bi\UI/src/test/java/resources/specFiles/imtHomePage.spec:76)
  - &amp;quot;Continue_button&amp;quot; css property &amp;quot;background-color&amp;quot; is &amp;quot;rgba(0, 0, 0, 0)&amp;quot; but should be &amp;quot;#CC0000&amp;quot; (C:\Users\Manish\Desktop\M3bi\UI/src/test/java/resources/specFiles/imtHomePage.spec:77)
  - &amp;quot;Continue_button_Text&amp;quot; is not aligned vertically centered with &amp;quot;Continue_button&amp;quot;. Offset is 1px (C:\Users\Manish\Desktop\M3bi\UI/src/test/java/resources/specFiles/imtHomePage.spec:78)
  - &amp;quot;Continue_button_Text&amp;quot; height is 40px instead of 12px (C:\Users\Manish\Desktop\M3bi\UI/src/test/java/resources/specFiles/imtHomePage.spec:81)
  - &amp;quot;Continue_button_Text&amp;quot; width is 200.00px instead of 121.52px (C:\Users\Manish\Desktop\M3bi\UI/src/test/java/resources/specFiles/imtHomePage.spec:82)
  - &amp;quot;Continue_button_Text&amp;quot; css property &amp;quot;color&amp;quot; is &amp;quot;rgba(255, 255, 255, 1)&amp;quot; but should be &amp;quot;#FFFFFF&amp;quot; (C:\Users\Manish\Desktop\M3bi\UI/src/test/java/resources/specFiles/imtHomePage.spec:83)
  - &amp;quot;Continue_button_Text&amp;quot; css property &amp;quot;font-family&amp;quot; is &amp;quot;&amp;quot;Gotham A&amp;quot;, &amp;quot;Gotham B&amp;quot;&amp;quot; but should contain &amp;quot;Gotham Medium&amp;quot; (C:\Users\Manish\Desktop\M3bi\UI/src/test/java/resources/specFiles/imtHomePage.spec:84)
  - &amp;quot;Continue_button_Text&amp;quot; css property &amp;quot;line-height&amp;quot; is &amp;quot;20px&amp;quot; but should be &amp;quot;13px&amp;quot; (C:\Users\Manish\Desktop\M3bi\UI/src/test/java/resources/specFiles/imtHomePage.spec:86)
  - &amp;quot;Continue_button_Text&amp;quot; css property &amp;quot;text-align&amp;quot; is &amp;quot;center&amp;quot; but should be &amp;quot;centered&amp;quot; (C:\Users\Manish\Desktop\M3bi\UI/src/test/java/resources/specFiles/imtHomePage.spec:87)
  - &amp;quot;Plate_Number&amp;quot; is not aligned vertically centered with &amp;quot;Continue_button_Text&amp;quot;. Offset is 62px (C:\Users\Manish\Desktop\M3bi\UI/src/test/java/resources/specFiles/imtHomePage.spec:88)
  - &amp;quot;2018_MARSH_LLC_ALL_RIGHTS_RESERVED&amp;quot; is absent on page (C:\Users\Manish\Desktop\M3bi\UI/src/test/java/resources/specFiles/imtHomePage.spec:92)
  - &amp;quot;2018_MARSH_LLC_ALL_RIGHTS_RESERVED&amp;quot; is absent on page (C:\Users\Manish\Desktop\M3bi\UI/src/test/java/resources/specFiles/imtHomePage.spec:93)
  - &amp;quot;2018_MARSH_LLC_ALL_RIGHTS_RESERVED&amp;quot; is absent on page (C:\Users\Manish\Desktop\M3bi\UI/src/test/java/resources/specFiles/imtHomePage.spec:94)
  - &amp;quot;2018_MARSH_LLC_ALL_RIGHTS_RESERVED&amp;quot; is absent on page (C:\Users\Manish\Desktop\M3bi\UI/src/test/java/resources/specFiles/imtHomePage.spec:95)
  - &amp;quot;2018_MARSH_LLC_ALL_RIGHTS_RESERVED&amp;quot; is absent on page (C:\Users\Manish\Desktop\M3bi\UI/src/test/java/resources/specFiles/imtHomePage.spec:96)
  - &amp;quot;2018_MARSH_LLC_ALL_RIGHTS_RESERVED&amp;quot; is absent on page (C:\Users\Manish\Desktop\M3bi\UI/src/test/java/resources/specFiles/imtHomePage.spec:97)
  - &amp;quot;Privacy_Information&amp;quot; is absent on page (C:\Users\Manish\Desktop\M3bi\UI/src/test/java/resources/specFiles/imtHomePage.spec:100)
  - &amp;quot;Privacy_Information&amp;quot; is absent on page (C:\Users\Manish\Desktop\M3bi\UI/src/test/java/resources/specFiles/imtHomePage.spec:101)
  - &amp;quot;Privacy_Information&amp;quot; is absent on page (C:\Users\Manish\Desktop\M3bi\UI/src/test/java/resources/specFiles/imtHomePage.spec:102)
  - &amp;quot;Privacy_Information&amp;quot; is absent on page (C:\Users\Manish\Desktop\M3bi\UI/src/test/java/resources/specFiles/imtHomePage.spec:103)
  - &amp;quot;Privacy_Information&amp;quot; is absent on page (C:\Users\Manish\Desktop\M3bi\UI/src/test/java/resources/specFiles/imtHomePage.spec:104)
  - &amp;quot;Privacy_Information&amp;quot; is absent on page (C:\Users\Manish\Desktop\M3bi\UI/src/test/java/resources/specFiles/imtHomePage.spec:105)
  - &amp;quot;Conditions&amp;quot; is absent on page (C:\Users\Manish\Desktop\M3bi\UI/src/test/java/resources/specFiles/imtHomePage.spec:108)
  - &amp;quot;Conditions&amp;quot; is absent on page (C:\Users\Manish\Desktop\M3bi\UI/src/test/java/resources/specFiles/imtHomePage.spec:109)
  - &amp;quot;Conditions&amp;quot; is absent on page (C:\Users\Manish\Desktop\M3bi\UI/src/test/java/resources/specFiles/imtHomePage.spec:110)
  - &amp;quot;Conditions&amp;quot; is absent on page (C:\Users\Manish\Desktop\M3bi\UI/src/test/java/resources/specFiles/imtHomePage.spec:111)
  - &amp;quot;Conditions&amp;quot; is absent on page (C:\Users\Manish\Desktop\M3bi\UI/src/test/java/resources/specFiles/imtHomePage.spec:112)
  - &amp;quot;Conditions&amp;quot; is absent on page (C:\Users\Manish\Desktop\M3bi\UI/src/test/java/resources/specFiles/imtHomePage.spec:113)
  - &amp;quot;About_Marsh&amp;quot; is absent on page (C:\Users\Manish\Desktop\M3bi\UI/src/test/java/resources/specFiles/imtHomePage.spec:116)
  - &amp;quot;About_Marsh&amp;quot; is absent on page (C:\Users\Manish\Desktop\M3bi\UI/src/test/java/resources/specFiles/imtHomePage.spec:117)
  - &amp;quot;About_Marsh&amp;quot; is absent on page (C:\Users\Manish\Desktop\M3bi\UI/src/test/java/resources/specFiles/imtHomePage.spec:118)
  - &amp;quot;About_Marsh&amp;quot; is absent on page (C:\Users\Manish\Desktop\M3bi\UI/src/test/java/resources/specFiles/imtHomePage.spec:119)
  - &amp;quot;About_Marsh&amp;quot; is absent on page (C:\Users\Manish\Desktop\M3bi\UI/src/test/java/resources/specFiles/imtHomePage.spec:120)
  - &amp;quot;About_Marsh&amp;quot; is absent on page (C:\Users\Manish\Desktop\M3bi\UI/src/test/java/resources/specFiles/imtHomePage.spec:121)
  - &amp;quot;Contact&amp;quot; height is 15px instead of 14px (C:\Users\Manish\Desktop\M3bi\UI/src/test/java/resources/specFiles/imtHomePage.spec:124)
  - &amp;quot;Contact&amp;quot; width is 48px instead of 43px (C:\Users\Manish\Desktop\M3bi\UI/src/test/java/resources/specFiles/imtHomePage.spec:125)
  - &amp;quot;Contact&amp;quot; css property &amp;quot;color&amp;quot; is &amp;quot;rgba(34, 34, 34, 1)&amp;quot; but should be &amp;quot;#0090FF&amp;quot; (C:\Users\Manish\Desktop\M3bi\UI/src/test/java/resources/specFiles/imtHomePage.spec:126)
  - &amp;quot;Contact&amp;quot; css property &amp;quot;font-family&amp;quot; is &amp;quot;&amp;quot;Gotham A&amp;quot;, &amp;quot;Gotham B&amp;quot;&amp;quot; but should contain &amp;quot;Helvetica Neue&amp;quot; (C:\Users\Manish\Desktop\M3bi\UI/src/test/java/resources/specFiles/imtHomePage.spec:127)
  - &amp;quot;Contact&amp;quot; css property &amp;quot;line-height&amp;quot; is &amp;quot;17.1429px&amp;quot; but should be &amp;quot;14px&amp;quot; (C:\Users\Manish\Desktop\M3bi\UI/src/test/java/resources/specFiles/imtHomePage.spec:129)
  - &amp;quot;Netherlands&amp;quot; is absent on page (C:\Users\Manish\Desktop\M3bi\UI/src/test/java/resources/specFiles/imtHomePage.spec:136)
  - &amp;quot;Netherlands&amp;quot; is absent on page (C:\Users\Manish\Desktop\M3bi\UI/src/test/java/resources/specFiles/imtHomePage.spec:137)
  - &amp;quot;Netherlands&amp;quot; is absent on page (C:\Users\Manish\Desktop\M3bi\UI/src/test/java/resources/specFiles/imtHomePage.spec:138)
  - &amp;quot;Netherlands&amp;quot; is absent on page (C:\Users\Manish\Desktop\M3bi\UI/src/test/java/resources/specFiles/imtHomePage.spec:139)
  - &amp;quot;Netherlands&amp;quot; is absent on page (C:\Users\Manish\Desktop\M3bi\UI/src/test/java/resources/specFiles/imtHomePage.spec:140)
  - &amp;quot;Netherlands&amp;quot; is absent on page (C:\Users\Manish\Desktop\M3bi\UI/src/test/java/resources/specFiles/imtHomePage.spec:141)
  - &amp;quot;If_not_Text&amp;quot; is absent on page (C:\Users\Manish\Desktop\M3bi\UI/src/test/java/resources/specFiles/imtHomePage.spec:144)
  - &amp;quot;Skip_Link&amp;quot; is absent on page (C:\Users\Manish\Desktop\M3bi\UI/src/test/java/resources/specFiles/imtHomePage.spec:147)
">
      <![CDATA[java.lang.RuntimeException: com.galenframework.support.LayoutValidationException: C:\Users\Manish\Desktop\M3bi\UI/src/test/java/resources/specFiles/imtHomePage.spec, tags: [desktop]
  - "INSURE" is absent on page (C:\Users\Manish\Desktop\M3bi\UI/src/test/java/resources/specFiles/imtHomePage.spec:35)
  - "CONDITIONS" is absent on page (C:\Users\Manish\Desktop\M3bi\UI/src/test/java/resources/specFiles/imtHomePage.spec:38)
  - "FAQS" is absent on page (C:\Users\Manish\Desktop\M3bi\UI/src/test/java/resources/specFiles/imtHomePage.spec:41)
  - "SIGNIN" is absent on page (C:\Users\Manish\Desktop\M3bi\UI/src/test/java/resources/specFiles/imtHomePage.spec:44)
  - "Car_Image" height is 232px instead of 272px (C:\Users\Manish\Desktop\M3bi\UI/src/test/java/resources/specFiles/imtHomePage.spec:48)
  - "Car_Image" width is 556px instead of 1011px (C:\Users\Manish\Desktop\M3bi\UI/src/test/java/resources/specFiles/imtHomePage.spec:49)
  - Cannot find locator for "WelcomeText_EntireBox" in page spec (C:\Users\Manish\Desktop\M3bi\UI/src/test/java/resources/specFiles/imtHomePage.spec:50)
  - "OutsideWelcomeText_EntireBox" is absent on page (C:\Users\Manish\Desktop\M3bi\UI/src/test/java/resources/specFiles/imtHomePage.spec:53)
  - "OutsideWelcomeText_EntireBox" is absent on page (C:\Users\Manish\Desktop\M3bi\UI/src/test/java/resources/specFiles/imtHomePage.spec:54)
  - "OutsideWelcomeText_EntireBox" is absent on page (C:\Users\Manish\Desktop\M3bi\UI/src/test/java/resources/specFiles/imtHomePage.spec:55)
  - "OutsideWelcomeText_EntireBox" is absent on page (C:\Users\Manish\Desktop\M3bi\UI/src/test/java/resources/specFiles/imtHomePage.spec:56)
  - "OutsideWelcomeText_EntireBox" is absent on page (C:\Users\Manish\Desktop\M3bi\UI/src/test/java/resources/specFiles/imtHomePage.spec:57)
  - "OutsideWelcomeText_EntireBox" is absent on page (C:\Users\Manish\Desktop\M3bi\UI/src/test/java/resources/specFiles/imtHomePage.spec:58)
  - "OutsideWelcomeText_EntireBox" is absent on page (C:\Users\Manish\Desktop\M3bi\UI/src/test/java/resources/specFiles/imtHomePage.spec:59)
  - "OutsideWelcomeText_EntireBox" is absent on page (C:\Users\Manish\Desktop\M3bi\UI/src/test/java/resources/specFiles/imtHomePage.spec:60)
  - "OutsideWelcomeText_EntireBox" is absent on page (C:\Users\Manish\Desktop\M3bi\UI/src/test/java/resources/specFiles/imtHomePage.spec:61)
  - "Plate_Number" height is 68.0px instead of 67.5px (C:\Users\Manish\Desktop\M3bi\UI/src/test/java/resources/specFiles/imtHomePage.spec:65)
  - "Plate_Number" width is 225.0px instead of 448.5px (C:\Users\Manish\Desktop\M3bi\UI/src/test/java/resources/specFiles/imtHomePage.spec:66)
  - "Plate_Number" css property "background-color" is "rgba(255, 255, 255, 1)" but should be "#FFFFFF" (C:\Users\Manish\Desktop\M3bi\UI/src/test/java/resources/specFiles/imtHomePage.spec:67)
  - Cannot find locator for "flag" in page spec (C:\Users\Manish\Desktop\M3bi\UI/src/test/java/resources/specFiles/imtHomePage.spec:68)
  - "Flag" height is 68px instead of 67px (C:\Users\Manish\Desktop\M3bi\UI/src/test/java/resources/specFiles/imtHomePage.spec:71)
  - "Flag" width is 49px instead of 48px (C:\Users\Manish\Desktop\M3bi\UI/src/test/java/resources/specFiles/imtHomePage.spec:72)
  - "Continue_button" height is 16px instead of 50px (C:\Users\Manish\Desktop\M3bi\UI/src/test/java/resources/specFiles/imtHomePage.spec:75)
  - "Continue_button" width is 63px instead of 217px (C:\Users\Manish\Desktop\M3bi\UI/src/test/java/resources/specFiles/imtHomePage.spec:76)
  - "Continue_button" css property "background-color" is "rgba(0, 0, 0, 0)" but should be "#CC0000" (C:\Users\Manish\Desktop\M3bi\UI/src/test/java/resources/specFiles/imtHomePage.spec:77)
  - "Continue_button_Text" is not aligned vertically centered with "Continue_button". Offset is 1px (C:\Users\Manish\Desktop\M3bi\UI/src/test/java/resources/specFiles/imtHomePage.spec:78)
  - "Continue_button_Text" height is 40px instead of 12px (C:\Users\Manish\Desktop\M3bi\UI/src/test/java/resources/specFiles/imtHomePage.spec:81)
  - "Continue_button_Text" width is 200.00px instead of 121.52px (C:\Users\Manish\Desktop\M3bi\UI/src/test/java/resources/specFiles/imtHomePage.spec:82)
  - "Continue_button_Text" css property "color" is "rgba(255, 255, 255, 1)" but should be "#FFFFFF" (C:\Users\Manish\Desktop\M3bi\UI/src/test/java/resources/specFiles/imtHomePage.spec:83)
  - "Continue_button_Text" css property "font-family" is ""Gotham A", "Gotham B"" but should contain "Gotham Medium" (C:\Users\Manish\Desktop\M3bi\UI/src/test/java/resources/specFiles/imtHomePage.spec:84)
  - "Continue_button_Text" css property "line-height" is "20px" but should be "13px" (C:\Users\Manish\Desktop\M3bi\UI/src/test/java/resources/specFiles/imtHomePage.spec:86)
  - "Continue_button_Text" css property "text-align" is "center" but should be "centered" (C:\Users\Manish\Desktop\M3bi\UI/src/test/java/resources/specFiles/imtHomePage.spec:87)
  - "Plate_Number" is not aligned vertically centered with "Continue_button_Text". Offset is 62px (C:\Users\Manish\Desktop\M3bi\UI/src/test/java/resources/specFiles/imtHomePage.spec:88)
  - "2018_MARSH_LLC_ALL_RIGHTS_RESERVED" is absent on page (C:\Users\Manish\Desktop\M3bi\UI/src/test/java/resources/specFiles/imtHomePage.spec:92)
  - "2018_MARSH_LLC_ALL_RIGHTS_RESERVED" is absent on page (C:\Users\Manish\Desktop\M3bi\UI/src/test/java/resources/specFiles/imtHomePage.spec:93)
  - "2018_MARSH_LLC_ALL_RIGHTS_RESERVED" is absent on page (C:\Users\Manish\Desktop\M3bi\UI/src/test/java/resources/specFiles/imtHomePage.spec:94)
  - "2018_MARSH_LLC_ALL_RIGHTS_RESERVED" is absent on page (C:\Users\Manish\Desktop\M3bi\UI/src/test/java/resources/specFiles/imtHomePage.spec:95)
  - "2018_MARSH_LLC_ALL_RIGHTS_RESERVED" is absent on page (C:\Users\Manish\Desktop\M3bi\UI/src/test/java/resources/specFiles/imtHomePage.spec:96)
  - "2018_MARSH_LLC_ALL_RIGHTS_RESERVED" is absent on page (C:\Users\Manish\Desktop\M3bi\UI/src/test/java/resources/specFiles/imtHomePage.spec:97)
  - "Privacy_Information" is absent on page (C:\Users\Manish\Desktop\M3bi\UI/src/test/java/resources/specFiles/imtHomePage.spec:100)
  - "Privacy_Information" is absent on page (C:\Users\Manish\Desktop\M3bi\UI/src/test/java/resources/specFiles/imtHomePage.spec:101)
  - "Privacy_Information" is absent on page (C:\Users\Manish\Desktop\M3bi\UI/src/test/java/resources/specFiles/imtHomePage.spec:102)
  - "Privacy_Information" is absent on page (C:\Users\Manish\Desktop\M3bi\UI/src/test/java/resources/specFiles/imtHomePage.spec:103)
  - "Privacy_Information" is absent on page (C:\Users\Manish\Desktop\M3bi\UI/src/test/java/resources/specFiles/imtHomePage.spec:104)
  - "Privacy_Information" is absent on page (C:\Users\Manish\Desktop\M3bi\UI/src/test/java/resources/specFiles/imtHomePage.spec:105)
  - "Conditions" is absent on page (C:\Users\Manish\Desktop\M3bi\UI/src/test/java/resources/specFiles/imtHomePage.spec:108)
  - "Conditions" is absent on page (C:\Users\Manish\Desktop\M3bi\UI/src/test/java/resources/specFiles/imtHomePage.spec:109)
  - "Conditions" is absent on page (C:\Users\Manish\Desktop\M3bi\UI/src/test/java/resources/specFiles/imtHomePage.spec:110)
  - "Conditions" is absent on page (C:\Users\Manish\Desktop\M3bi\UI/src/test/java/resources/specFiles/imtHomePage.spec:111)
  - "Conditions" is absent on page (C:\Users\Manish\Desktop\M3bi\UI/src/test/java/resources/specFiles/imtHomePage.spec:112)
  - "Conditions" is absent on page (C:\Users\Manish\Desktop\M3bi\UI/src/test/java/resources/specFiles/imtHomePage.spec:113)
  - "About_Marsh" is absent on page (C:\Users\Manish\Desktop\M3bi\UI/src/test/java/resources/specFiles/imtHomePage.spec:116)
  - "About_Marsh" is absent on page (C:\Users\Manish\Desktop\M3bi\UI/src/test/java/resources/specFiles/imtHomePage.spec:117)
  - "About_Marsh" is absent on page (C:\Users\Manish\Desktop\M3bi\UI/src/test/java/resources/specFiles/imtHomePage.spec:118)
  - "About_Marsh" is absent on page (C:\Users\Manish\Desktop\M3bi\UI/src/test/java/resources/specFiles/imtHomePage.spec:119)
  - "About_Marsh" is absent on page (C:\Users\Manish\Desktop\M3bi\UI/src/test/java/resources/specFiles/imtHomePage.spec:120)
  - "About_Marsh" is absent on page (C:\Users\Manish\Desktop\M3bi\UI/src/test/java/resources/specFiles/imtHomePage.spec:121)
  - "Contact" height is 15px instead of 14px (C:\Users\Manish\Desktop\M3bi\UI/src/test/java/resources/specFiles/imtHomePage.spec:124)
  - "Contact" width is 48px instead of 43px (C:\Users\Manish\Desktop\M3bi\UI/src/test/java/resources/specFiles/imtHomePage.spec:125)
  - "Contact" css property "color" is "rgba(34, 34, 34, 1)" but should be "#0090FF" (C:\Users\Manish\Desktop\M3bi\UI/src/test/java/resources/specFiles/imtHomePage.spec:126)
  - "Contact" css property "font-family" is ""Gotham A", "Gotham B"" but should contain "Helvetica Neue" (C:\Users\Manish\Desktop\M3bi\UI/src/test/java/resources/specFiles/imtHomePage.spec:127)
  - "Contact" css property "line-height" is "17.1429px" but should be "14px" (C:\Users\Manish\Desktop\M3bi\UI/src/test/java/resources/specFiles/imtHomePage.spec:129)
  - "Netherlands" is absent on page (C:\Users\Manish\Desktop\M3bi\UI/src/test/java/resources/specFiles/imtHomePage.spec:136)
  - "Netherlands" is absent on page (C:\Users\Manish\Desktop\M3bi\UI/src/test/java/resources/specFiles/imtHomePage.spec:137)
  - "Netherlands" is absent on page (C:\Users\Manish\Desktop\M3bi\UI/src/test/java/resources/specFiles/imtHomePage.spec:138)
  - "Netherlands" is absent on page (C:\Users\Manish\Desktop\M3bi\UI/src/test/java/resources/specFiles/imtHomePage.spec:139)
  - "Netherlands" is absent on page (C:\Users\Manish\Desktop\M3bi\UI/src/test/java/resources/specFiles/imtHomePage.spec:140)
  - "Netherlands" is absent on page (C:\Users\Manish\Desktop\M3bi\UI/src/test/java/resources/specFiles/imtHomePage.spec:141)
  - "If_not_Text" is absent on page (C:\Users\Manish\Desktop\M3bi\UI/src/test/java/resources/specFiles/imtHomePage.spec:144)
  - "Skip_Link" is absent on page (C:\Users\Manish\Desktop\M3bi\UI/src/test/java/resources/specFiles/imtHomePage.spec:147)

at component.TestBase.checkPageLayout(TestBase.java:144)
at tests.ImtHomePageTest.testImtHomePage(ImtHomePageTest.java:18)
Caused by: com.galenframework.support.LayoutValidationException: C:\Users\Manish\Desktop\M3bi\UI/src/test/java/resources/specFiles/imtHomePage.spec, tags: [desktop]
  - "INSURE" is absent on page (C:\Users\Manish\Desktop\M3bi\UI/src/test/java/resources/specFiles/imtHomePage.spec:35)
  - "CONDITIONS" is absent on page (C:\Users\Manish\Desktop\M3bi\UI/src/test/java/resources/specFiles/imtHomePage.spec:38)
  - "FAQS" is absent on page (C:\Users\Manish\Desktop\M3bi\UI/src/test/java/resources/specFiles/imtHomePage.spec:41)
  - "SIGNIN" is absent on page (C:\Users\Manish\Desktop\M3bi\UI/src/test/java/resources/specFiles/imtHomePage.spec:44)
  - "Car_Image" height is 232px instead of 272px (C:\Users\Manish\Desktop\M3bi\UI/src/test/java/resources/specFiles/imtHomePage.spec:48)
  - "Car_Image" width is 556px instead of 1011px (C:\Users\Manish\Desktop\M3bi\UI/src/test/java/resources/specFiles/imtHomePage.spec:49)
  - Cannot find locator for "WelcomeText_EntireBox" in page spec (C:\Users\Manish\Desktop\M3bi\UI/src/test/java/resources/specFiles/imtHomePage.spec:50)
  - "OutsideWelcomeText_EntireBox" is absent on page (C:\Users\Manish\Desktop\M3bi\UI/src/test/java/resources/specFiles/imtHomePage.spec:53)
  - "OutsideWelcomeText_EntireBox" is absent on page (C:\Users\Manish\Desktop\M3bi\UI/src/test/java/resources/specFiles/imtHomePage.spec:54)
  - "OutsideWelcomeText_EntireBox" is absent on page (C:\Users\Manish\Desktop\M3bi\UI/src/test/java/resources/specFiles/imtHomePage.spec:55)
  - "OutsideWelcomeText_EntireBox" is absent on page (C:\Users\Manish\Desktop\M3bi\UI/src/test/java/resources/specFiles/imtHomePage.spec:56)
  - "OutsideWelcomeText_EntireBox" is absent on page (C:\Users\Manish\Desktop\M3bi\UI/src/test/java/resources/specFiles/imtHomePage.spec:57)
  - "OutsideWelcomeText_EntireBox" is absent on page (C:\Users\Manish\Desktop\M3bi\UI/src/test/java/resources/specFiles/imtHomePage.spec:58)
  - "OutsideWelcomeText_EntireBox" is absent on page (C:\Users\Manish\Desktop\M3bi\UI/src/test/java/resources/specFiles/imtHomePage.spec:59)
  - "OutsideWelcomeText_EntireBox" is absent on page (C:\Users\Manish\Desktop\M3bi\UI/src/test/java/resources/specFiles/imtHomePage.spec:60)
  - "OutsideWelcomeText_EntireBox" is absent on page (C:\Users\Manish\Desktop\M3bi\UI/src/test/java/resources/specFiles/imtHomePage.spec:61)
  - "Plate_Number" height is 68.0px instead of 67.5px (C:\Users\Manish\Desktop\M3bi\UI/src/test/java/resources/specFiles/imtHomePage.spec:65)
  - "Plate_Number" width is 225.0px instead of 448.5px (C:\Users\Manish\Desktop\M3bi\UI/src/test/java/resources/specFiles/imtHomePage.spec:66)
  - "Plate_Number" css property "background-color" is "rgba(255, 255, 255, 1)" but should be "#FFFFFF" (C:\Users\Manish\Desktop\M3bi\UI/src/test/java/resources/specFiles/imtHomePage.spec:67)
  - Cannot find locator for "flag" in page spec (C:\Users\Manish\Desktop\M3bi\UI/src/test/java/resources/specFiles/imtHomePage.spec:68)
  - "Flag" height is 68px instead of 67px (C:\Users\Manish\Desktop\M3bi\UI/src/test/java/resources/specFiles/imtHomePage.spec:71)
  - "Flag" width is 49px instead of 48px (C:\Users\Manish\Desktop\M3bi\UI/src/test/java/resources/specFiles/imtHomePage.spec:72)
  - "Continue_button" height is 16px instead of 50px (C:\Users\Manish\Desktop\M3bi\UI/src/test/java/resources/specFiles/imtHomePage.spec:75)
  - "Continue_button" width is 63px instead of 217px (C:\Users\Manish\Desktop\M3bi\UI/src/test/java/resources/specFiles/imtHomePage.spec:76)
  - "Continue_button" css property "background-color" is "rgba(0, 0, 0, 0)" but should be "#CC0000" (C:\Users\Manish\Desktop\M3bi\UI/src/test/java/resources/specFiles/imtHomePage.spec:77)
  - "Continue_button_Text" is not aligned vertically centered with "Continue_button". Offset is 1px (C:\Users\Manish\Desktop\M3bi\UI/src/test/java/resources/specFiles/imtHomePage.spec:78)
  - "Continue_button_Text" height is 40px instead of 12px (C:\Users\Manish\Desktop\M3bi\UI/src/test/java/resources/specFiles/imtHomePage.spec:81)
  - "Continue_button_Text" width is 200.00px instead of 121.52px (C:\Users\Manish\Desktop\M3bi\UI/src/test/java/resources/specFiles/imtHomePage.spec:82)
  - "Continue_button_Text" css property "color" is "rgba(255, 255, 255, 1)" but should be "#FFFFFF" (C:\Users\Manish\Desktop\M3bi\UI/src/test/java/resources/specFiles/imtHomePage.spec:83)
  - "Continue_button_Text" css property "font-family" is ""Gotham A", "Gotham B"" but should contain "Gotham Medium" (C:\Users\Manish\Desktop\M3bi\UI/src/test/java/resources/specFiles/imtHomePage.spec:84)
  - "Continue_button_Text" css property "line-height" is "20px" but should be "13px" (C:\Users\Manish\Desktop\M3bi\UI/src/test/java/resources/specFiles/imtHomePage.spec:86)
  - "Continue_button_Text" css property "text-align" is "center" but should be "centered" (C:\Users\Manish\Desktop\M3bi\UI/src/test/java/resources/specFiles/imtHomePage.spec:87)
  - "Plate_Number" is not aligned vertically centered with "Continue_button_Text". Offset is 62px (C:\Users\Manish\Desktop\M3bi\UI/src/test/java/resources/specFiles/imtHomePage.spec:88)
  - "2018_MARSH_LLC_ALL_RIGHTS_RESERVED" is absent on page (C:\Users\Manish\Desktop\M3bi\UI/src/test/java/resources/specFiles/imtHomePage.spec:92)
  - "2018_MARSH_LLC_ALL_RIGHTS_RESERVED" is absent on page (C:\Users\Manish\Desktop\M3bi\UI/src/test/java/resources/specFiles/imtHomePage.spec:93)
  - "2018_MARSH_LLC_ALL_RIGHTS_RESERVED" is absent on page (C:\Users\Manish\Desktop\M3bi\UI/src/test/java/resources/specFiles/imtHomePage.spec:94)
  - "2018_MARSH_LLC_ALL_RIGHTS_RESERVED" is absent on page (C:\Users\Manish\Desktop\M3bi\UI/src/test/java/resources/specFiles/imtHomePage.spec:95)
  - "2018_MARSH_LLC_ALL_RIGHTS_RESERVED" is absent on page (C:\Users\Manish\Desktop\M3bi\UI/src/test/java/resources/specFiles/imtHomePage.spec:96)
  - "2018_MARSH_LLC_ALL_RIGHTS_RESERVED" is absent on page (C:\Users\Manish\Desktop\M3bi\UI/src/test/java/resources/specFiles/imtHomePage.spec:97)
  - "Privacy_Information" is absent on page (C:\Users\Manish\Desktop\M3bi\UI/src/test/java/resources/specFiles/imtHomePage.spec:100)
  - "Privacy_Information" is absent on page (C:\Users\Manish\Desktop\M3bi\UI/src/test/java/resources/specFiles/imtHomePage.spec:101)
  - "Privacy_Information" is absent on page (C:\Users\Manish\Desktop\M3bi\UI/src/test/java/resources/specFiles/imtHomePage.spec:102)
  - "Privacy_Information" is absent on page (C:\Users\Manish\Desktop\M3bi\UI/src/test/java/resources/specFiles/imtHomePage.spec:103)
  - "Privacy_Information" is absent on page (C:\Users\Manish\Desktop\M3bi\UI/src/test/java/resources/specFiles/imtHomePage.spec:104)
  - "Privacy_Information" is absent on page (C:\Users\Manish\Desktop\M3bi\UI/src/test/java/resources/specFiles/imtHomePage.spec:105)
  - "Conditions" is absent on page (C:\Users\Manish\Desktop\M3bi\UI/src/test/java/resources/specFiles/imtHomePage.spec:108)
  - "Conditions" is absent on page (C:\Users\Manish\Desktop\M3bi\UI/src/test/java/resources/specFiles/imtHomePage.spec:109)
  - "Conditions" is absent on page (C:\Users\Manish\Desktop\M3bi\UI/src/test/java/resources/specFiles/imtHomePage.spec:110)
  - "Conditions" is absent on page (C:\Users\Manish\Desktop\M3bi\UI/src/test/java/resources/specFiles/imtHomePage.spec:111)
  - "Conditions" is absent on page (C:\Users\Manish\Desktop\M3bi\UI/src/test/java/resources/specFiles/imtHomePage.spec:112)
  - "Conditions" is absent on page (C:\Users\Manish\Desktop\M3bi\UI/src/test/java/resources/specFiles/imtHomePage.spec:113)
  - "About_Marsh" is absent on page (C:\Users\Manish\Desktop\M3bi\UI/src/test/java/resources/specFiles/imtHomePage.spec:116)
  - "About_Marsh" is absent on page (C:\Users\Manish\Desktop\M3bi\UI/src/test/java/resources/specFiles/imtHomePage.spec:117)
  - "About_Marsh" is absent on page (C:\Users\Manish\Desktop\M3bi\UI/src/test/java/resources/specFiles/imtHomePage.spec:118)
  - "About_Marsh" is absent on page (C:\Users\Manish\Desktop\M3bi\UI/src/test/java/resources/specFiles/imtHomePage.spec:119)
  - "About_Marsh" is absent on page (C:\Users\Manish\Desktop\M3bi\UI/src/test/java/resources/specFiles/imtHomePage.spec:120)
  - "About_Marsh" is absent on page (C:\Users\Manish\Desktop\M3bi\UI/src/test/java/resources/specFiles/imtHomePage.spec:121)
  - "Contact" height is 15px instead of 14px (C:\Users\Manish\Desktop\M3bi\UI/src/test/java/resources/specFiles/imtHomePage.spec:124)
  - "Contact" width is 48px instead of 43px (C:\Users\Manish\Desktop\M3bi\UI/src/test/java/resources/specFiles/imtHomePage.spec:125)
  - "Contact" css property "color" is "rgba(34, 34, 34, 1)" but should be "#0090FF" (C:\Users\Manish\Desktop\M3bi\UI/src/test/java/resources/specFiles/imtHomePage.spec:126)
  - "Contact" css property "font-family" is ""Gotham A", "Gotham B"" but should contain "Helvetica Neue" (C:\Users\Manish\Desktop\M3bi\UI/src/test/java/resources/specFiles/imtHomePage.spec:127)
  - "Contact" css property "line-height" is "17.1429px" but should be "14px" (C:\Users\Manish\Desktop\M3bi\UI/src/test/java/resources/specFiles/imtHomePage.spec:129)
  - "Netherlands" is absent on page (C:\Users\Manish\Desktop\M3bi\UI/src/test/java/resources/specFiles/imtHomePage.spec:136)
  - "Netherlands" is absent on page (C:\Users\Manish\Desktop\M3bi\UI/src/test/java/resources/specFiles/imtHomePage.spec:137)
  - "Netherlands" is absent on page (C:\Users\Manish\Desktop\M3bi\UI/src/test/java/resources/specFiles/imtHomePage.spec:138)
  - "Netherlands" is absent on page (C:\Users\Manish\Desktop\M3bi\UI/src/test/java/resources/specFiles/imtHomePage.spec:139)
  - "Netherlands" is absent on page (C:\Users\Manish\Desktop\M3bi\UI/src/test/java/resources/specFiles/imtHomePage.spec:140)
  - "Netherlands" is absent on page (C:\Users\Manish\Desktop\M3bi\UI/src/test/java/resources/specFiles/imtHomePage.spec:141)
  - "If_not_Text" is absent on page (C:\Users\Manish\Desktop\M3bi\UI/src/test/java/resources/specFiles/imtHomePage.spec:144)
  - "Skip_Link" is absent on page (C:\Users\Manish\Desktop\M3bi\UI/src/test/java/resources/specFiles/imtHomePage.spec:147)

at com.galenframework.support.GalenJavaTestBase.checkLayout(GalenJavaTestBase.java:129)
at com.galenframework.support.GalenJavaTestBase.checkLayout(GalenJavaTestBase.java:111)
at component.TestBase.checkPageLayout(TestBase.java:140)
... 26 more
... Removed 25 stack frames]]>
    </failure>
  </testcase> <!-- testImtHomePage -->
</testsuite> <!-- Test -->
