<?xml version="1.0" encoding="UTF-8"?>
<testng-results skipped="0" failed="1" ignored="0" total="1" passed="0">
  <reporter-output>
  </reporter-output>
  <suite name="Suite" duration-ms="60099" started-at="2019-05-16T14:33:50Z" finished-at="2019-05-16T14:34:50Z">
    <groups>
    </groups>
    <test name="Test" duration-ms="60099" started-at="2019-05-16T14:33:50Z" finished-at="2019-05-16T14:34:50Z">
      <class name="tests.ImtHomePageTest">
        <test-method status="PASS" signature="initDriver([Ljava.lang.Object;)[pri:0, instance:tests.ImtHomePageTest@320068]" name="initDriver" is-config="true" duration-ms="6311" started-at="2019-05-16T14:33:50Z" finished-at="2019-05-16T14:33:56Z">
          <params>
            <param index="0">
              <value>
                <![CDATA[[Ljava.lang.Object;@715e84]]>
              </value>
            </param>
          </params>
          <reporter-output>
          </reporter-output>
        </test-method> <!-- initDriver -->
        <test-method status="PASS" signature="initReport(java.lang.reflect.Method, [Ljava.lang.Object;)[pri:0, instance:tests.ImtHomePageTest@320068]" name="initReport" is-config="true" duration-ms="11" started-at="2019-05-16T14:33:56Z" finished-at="2019-05-16T14:33:56Z">
          <params>
            <param index="0">
              <value>
                <![CDATA[public void tests.ImtHomePageTest.testImtHomePage(component.TestBase$TestDevice)]]>
              </value>
            </param>
            <param index="1">
              <value>
                <![CDATA[[Ljava.lang.Object;@715e84]]>
              </value>
            </param>
          </params>
          <reporter-output>
          </reporter-output>
        </test-method> <!-- initReport -->
        <test-method status="PASS" signature="updateMethodName(java.lang.reflect.Method, [Ljava.lang.Object;, org.testng.ITestContext)[pri:0, instance:tests.ImtHomePageTest@320068]" name="updateMethodName" is-config="true" duration-ms="1" started-at="2019-05-16T14:33:56Z" finished-at="2019-05-16T14:33:56Z">
          <params>
            <param index="0">
              <value>
                <![CDATA[public void tests.ImtHomePageTest.testImtHomePage(component.TestBase$TestDevice)]]>
              </value>
            </param>
            <param index="1">
              <value>
                <![CDATA[[Ljava.lang.Object;@715e84]]>
              </value>
            </param>
            <param index="2">
              <value>
                <![CDATA[org.testng.TestRunner@1428937]]>
              </value>
            </param>
          </params>
          <reporter-output>
          </reporter-output>
        </test-method> <!-- updateMethodName -->
        <test-method status="FAIL" signature="testImtHomePage(component.TestBase$TestDevice)[pri:0, instance:tests.ImtHomePageTest@320068]" name="testImtHomePage" duration-ms="52834" started-at="2019-05-16T14:33:56Z" data-provider="devices" finished-at="2019-05-16T14:34:49Z">
          <params>
            <param index="0">
              <value>
                <![CDATA[desktop 1366x768]]>
              </value>
            </param>
          </params>
          <exception class="java.lang.RuntimeException">
            <message>
              <![CDATA[com.galenframework.support.LayoutValidationException: C:\Users\Manish\Desktop\M3bi\UI/src/test/java/resources/specFiles/imtHomePage.spec, tags: [desktop]
  - "INSURE" is absent on page (C:\Users\Manish\Desktop\M3bi\UI/src/test/java/resources/specFiles/imtHomePage.spec:35)
  - "CONDITIONS" is absent on page (C:\Users\Manish\Desktop\M3bi\UI/src/test/java/resources/specFiles/imtHomePage.spec:38)
  - "FAQS" is absent on page (C:\Users\Manish\Desktop\M3bi\UI/src/test/java/resources/specFiles/imtHomePage.spec:41)
  - "SIGNIN" is absent on page (C:\Users\Manish\Desktop\M3bi\UI/src/test/java/resources/specFiles/imtHomePage.spec:44)
  - "Car_Image" height is 232px instead of 272px (C:\Users\Manish\Desktop\M3bi\UI/src/test/java/resources/specFiles/imtHomePage.spec:48)
  - "Car_Image" width is 556px instead of 1011px (C:\Users\Manish\Desktop\M3bi\UI/src/test/java/resources/specFiles/imtHomePage.spec:49)
  - Cannot find locator for "WelcomeText_EntireBox" in page spec (C:\Users\Manish\Desktop\M3bi\UI/src/test/java/resources/specFiles/imtHomePage.spec:50)
  - "OutsideWelcomeText_EntireBox" is absent on page (C:\Users\Manish\Desktop\M3bi\UI/src/test/java/resources/specFiles/imtHomePage.spec:53)
  - "OutsideWelcomeText_EntireBox" is absent on page (C:\Users\Manish\Desktop\M3bi\UI/src/test/java/resources/specFiles/imtHomePage.spec:54)
  - "OutsideWelcomeText_EntireBox" is absent on page (C:\Users\Manish\Desktop\M3bi\UI/src/test/java/resources/specFiles/imtHomePage.spec:55)
  - "OutsideWelcomeText_EntireBox" is absent on page (C:\Users\Manish\Desktop\M3bi\UI/src/test/java/resources/specFiles/imtHomePage.spec:56)
  - "OutsideWelcomeText_EntireBox" is absent on page (C:\Users\Manish\Desktop\M3bi\UI/src/test/java/resources/specFiles/imtHomePage.spec:57)
  - "OutsideWelcomeText_EntireBox" is absent on page (C:\Users\Manish\Desktop\M3bi\UI/src/test/java/resources/specFiles/imtHomePage.spec:58)
  - "OutsideWelcomeText_EntireBox" is absent on page (C:\Users\Manish\Desktop\M3bi\UI/src/test/java/resources/specFiles/imtHomePage.spec:59)
  - "OutsideWelcomeText_EntireBox" is absent on page (C:\Users\Manish\Desktop\M3bi\UI/src/test/java/resources/specFiles/imtHomePage.spec:60)
  - "OutsideWelcomeText_EntireBox" is absent on page (C:\Users\Manish\Desktop\M3bi\UI/src/test/java/resources/specFiles/imtHomePage.spec:61)
  - "Plate_Number" height is 68.0px instead of 67.5px (C:\Users\Manish\Desktop\M3bi\UI/src/test/java/resources/specFiles/imtHomePage.spec:65)
  - "Plate_Number" width is 225.0px instead of 448.5px (C:\Users\Manish\Desktop\M3bi\UI/src/test/java/resources/specFiles/imtHomePage.spec:66)
  - "Plate_Number" css property "background-color" is "rgba(255, 255, 255, 1)" but should be "#FFFFFF" (C:\Users\Manish\Desktop\M3bi\UI/src/test/java/resources/specFiles/imtHomePage.spec:67)
  - Cannot find locator for "flag" in page spec (C:\Users\Manish\Desktop\M3bi\UI/src/test/java/resources/specFiles/imtHomePage.spec:68)
  - "Flag" height is 68px instead of 67px (C:\Users\Manish\Desktop\M3bi\UI/src/test/java/resources/specFiles/imtHomePage.spec:71)
  - "Flag" width is 49px instead of 48px (C:\Users\Manish\Desktop\M3bi\UI/src/test/java/resources/specFiles/imtHomePage.spec:72)
  - "Continue_button" height is 16px instead of 50px (C:\Users\Manish\Desktop\M3bi\UI/src/test/java/resources/specFiles/imtHomePage.spec:75)
  - "Continue_button" width is 63px instead of 217px (C:\Users\Manish\Desktop\M3bi\UI/src/test/java/resources/specFiles/imtHomePage.spec:76)
  - "Continue_button" css property "background-color" is "rgba(0, 0, 0, 0)" but should be "#CC0000" (C:\Users\Manish\Desktop\M3bi\UI/src/test/java/resources/specFiles/imtHomePage.spec:77)
  - "Continue_button_Text" is not aligned vertically centered with "Continue_button". Offset is 1px (C:\Users\Manish\Desktop\M3bi\UI/src/test/java/resources/specFiles/imtHomePage.spec:78)
  - "Continue_button_Text" height is 40px instead of 12px (C:\Users\Manish\Desktop\M3bi\UI/src/test/java/resources/specFiles/imtHomePage.spec:81)
  - "Continue_button_Text" width is 200.00px instead of 121.52px (C:\Users\Manish\Desktop\M3bi\UI/src/test/java/resources/specFiles/imtHomePage.spec:82)
  - "Continue_button_Text" css property "color" is "rgba(255, 255, 255, 1)" but should be "#FFFFFF" (C:\Users\Manish\Desktop\M3bi\UI/src/test/java/resources/specFiles/imtHomePage.spec:83)
  - "Continue_button_Text" css property "font-family" is ""Gotham A", "Gotham B"" but should contain "Gotham Medium" (C:\Users\Manish\Desktop\M3bi\UI/src/test/java/resources/specFiles/imtHomePage.spec:84)
  - "Continue_button_Text" css property "line-height" is "20px" but should be "13px" (C:\Users\Manish\Desktop\M3bi\UI/src/test/java/resources/specFiles/imtHomePage.spec:86)
  - "Continue_button_Text" css property "text-align" is "center" but should be "centered" (C:\Users\Manish\Desktop\M3bi\UI/src/test/java/resources/specFiles/imtHomePage.spec:87)
  - "Plate_Number" is not aligned vertically centered with "Continue_button_Text". Offset is 62px (C:\Users\Manish\Desktop\M3bi\UI/src/test/java/resources/specFiles/imtHomePage.spec:88)
  - "2018_MARSH_LLC_ALL_RIGHTS_RESERVED" is absent on page (C:\Users\Manish\Desktop\M3bi\UI/src/test/java/resources/specFiles/imtHomePage.spec:92)
  - "2018_MARSH_LLC_ALL_RIGHTS_RESERVED" is absent on page (C:\Users\Manish\Desktop\M3bi\UI/src/test/java/resources/specFiles/imtHomePage.spec:93)
  - "2018_MARSH_LLC_ALL_RIGHTS_RESERVED" is absent on page (C:\Users\Manish\Desktop\M3bi\UI/src/test/java/resources/specFiles/imtHomePage.spec:94)
  - "2018_MARSH_LLC_ALL_RIGHTS_RESERVED" is absent on page (C:\Users\Manish\Desktop\M3bi\UI/src/test/java/resources/specFiles/imtHomePage.spec:95)
  - "2018_MARSH_LLC_ALL_RIGHTS_RESERVED" is absent on page (C:\Users\Manish\Desktop\M3bi\UI/src/test/java/resources/specFiles/imtHomePage.spec:96)
  - "2018_MARSH_LLC_ALL_RIGHTS_RESERVED" is absent on page (C:\Users\Manish\Desktop\M3bi\UI/src/test/java/resources/specFiles/imtHomePage.spec:97)
  - "Privacy_Information" is absent on page (C:\Users\Manish\Desktop\M3bi\UI/src/test/java/resources/specFiles/imtHomePage.spec:100)
  - "Privacy_Information" is absent on page (C:\Users\Manish\Desktop\M3bi\UI/src/test/java/resources/specFiles/imtHomePage.spec:101)
  - "Privacy_Information" is absent on page (C:\Users\Manish\Desktop\M3bi\UI/src/test/java/resources/specFiles/imtHomePage.spec:102)
  - "Privacy_Information" is absent on page (C:\Users\Manish\Desktop\M3bi\UI/src/test/java/resources/specFiles/imtHomePage.spec:103)
  - "Privacy_Information" is absent on page (C:\Users\Manish\Desktop\M3bi\UI/src/test/java/resources/specFiles/imtHomePage.spec:104)
  - "Privacy_Information" is absent on page (C:\Users\Manish\Desktop\M3bi\UI/src/test/java/resources/specFiles/imtHomePage.spec:105)
  - "Conditions" is absent on page (C:\Users\Manish\Desktop\M3bi\UI/src/test/java/resources/specFiles/imtHomePage.spec:108)
  - "Conditions" is absent on page (C:\Users\Manish\Desktop\M3bi\UI/src/test/java/resources/specFiles/imtHomePage.spec:109)
  - "Conditions" is absent on page (C:\Users\Manish\Desktop\M3bi\UI/src/test/java/resources/specFiles/imtHomePage.spec:110)
  - "Conditions" is absent on page (C:\Users\Manish\Desktop\M3bi\UI/src/test/java/resources/specFiles/imtHomePage.spec:111)
  - "Conditions" is absent on page (C:\Users\Manish\Desktop\M3bi\UI/src/test/java/resources/specFiles/imtHomePage.spec:112)
  - "Conditions" is absent on page (C:\Users\Manish\Desktop\M3bi\UI/src/test/java/resources/specFiles/imtHomePage.spec:113)
  - "About_Marsh" is absent on page (C:\Users\Manish\Desktop\M3bi\UI/src/test/java/resources/specFiles/imtHomePage.spec:116)
  - "About_Marsh" is absent on page (C:\Users\Manish\Desktop\M3bi\UI/src/test/java/resources/specFiles/imtHomePage.spec:117)
  - "About_Marsh" is absent on page (C:\Users\Manish\Desktop\M3bi\UI/src/test/java/resources/specFiles/imtHomePage.spec:118)
  - "About_Marsh" is absent on page (C:\Users\Manish\Desktop\M3bi\UI/src/test/java/resources/specFiles/imtHomePage.spec:119)
  - "About_Marsh" is absent on page (C:\Users\Manish\Desktop\M3bi\UI/src/test/java/resources/specFiles/imtHomePage.spec:120)
  - "About_Marsh" is absent on page (C:\Users\Manish\Desktop\M3bi\UI/src/test/java/resources/specFiles/imtHomePage.spec:121)
  - "Contact" height is 15px instead of 14px (C:\Users\Manish\Desktop\M3bi\UI/src/test/java/resources/specFiles/imtHomePage.spec:124)
  - "Contact" width is 48px instead of 43px (C:\Users\Manish\Desktop\M3bi\UI/src/test/java/resources/specFiles/imtHomePage.spec:125)
  - "Contact" css property "color" is "rgba(34, 34, 34, 1)" but should be "#0090FF" (C:\Users\Manish\Desktop\M3bi\UI/src/test/java/resources/specFiles/imtHomePage.spec:126)
  - "Contact" css property "font-family" is ""Gotham A", "Gotham B"" but should contain "Helvetica Neue" (C:\Users\Manish\Desktop\M3bi\UI/src/test/java/resources/specFiles/imtHomePage.spec:127)
  - "Contact" css property "line-height" is "17.1429px" but should be "14px" (C:\Users\Manish\Desktop\M3bi\UI/src/test/java/resources/specFiles/imtHomePage.spec:129)
  - "Netherlands" is absent on page (C:\Users\Manish\Desktop\M3bi\UI/src/test/java/resources/specFiles/imtHomePage.spec:136)
  - "Netherlands" is absent on page (C:\Users\Manish\Desktop\M3bi\UI/src/test/java/resources/specFiles/imtHomePage.spec:137)
  - "Netherlands" is absent on page (C:\Users\Manish\Desktop\M3bi\UI/src/test/java/resources/specFiles/imtHomePage.spec:138)
  - "Netherlands" is absent on page (C:\Users\Manish\Desktop\M3bi\UI/src/test/java/resources/specFiles/imtHomePage.spec:139)
  - "Netherlands" is absent on page (C:\Users\Manish\Desktop\M3bi\UI/src/test/java/resources/specFiles/imtHomePage.spec:140)
  - "Netherlands" is absent on page (C:\Users\Manish\Desktop\M3bi\UI/src/test/java/resources/specFiles/imtHomePage.spec:141)
  - "If_not_Text" is absent on page (C:\Users\Manish\Desktop\M3bi\UI/src/test/java/resources/specFiles/imtHomePage.spec:144)
  - "Skip_Link" is absent on page (C:\Users\Manish\Desktop\M3bi\UI/src/test/java/resources/specFiles/imtHomePage.spec:147)
]]>
            </message>
            <full-stacktrace>
              <![CDATA[java.lang.RuntimeException: com.galenframework.support.LayoutValidationException: C:\Users\Manish\Desktop\M3bi\UI/src/test/java/resources/specFiles/imtHomePage.spec, tags: [desktop]
  - "INSURE" is absent on page (C:\Users\Manish\Desktop\M3bi\UI/src/test/java/resources/specFiles/imtHomePage.spec:35)
  - "CONDITIONS" is absent on page (C:\Users\Manish\Desktop\M3bi\UI/src/test/java/resources/specFiles/imtHomePage.spec:38)
  - "FAQS" is absent on page (C:\Users\Manish\Desktop\M3bi\UI/src/test/java/resources/specFiles/imtHomePage.spec:41)
  - "SIGNIN" is absent on page (C:\Users\Manish\Desktop\M3bi\UI/src/test/java/resources/specFiles/imtHomePage.spec:44)
  - "Car_Image" height is 232px instead of 272px (C:\Users\Manish\Desktop\M3bi\UI/src/test/java/resources/specFiles/imtHomePage.spec:48)
  - "Car_Image" width is 556px instead of 1011px (C:\Users\Manish\Desktop\M3bi\UI/src/test/java/resources/specFiles/imtHomePage.spec:49)
  - Cannot find locator for "WelcomeText_EntireBox" in page spec (C:\Users\Manish\Desktop\M3bi\UI/src/test/java/resources/specFiles/imtHomePage.spec:50)
  - "OutsideWelcomeText_EntireBox" is absent on page (C:\Users\Manish\Desktop\M3bi\UI/src/test/java/resources/specFiles/imtHomePage.spec:53)
  - "OutsideWelcomeText_EntireBox" is absent on page (C:\Users\Manish\Desktop\M3bi\UI/src/test/java/resources/specFiles/imtHomePage.spec:54)
  - "OutsideWelcomeText_EntireBox" is absent on page (C:\Users\Manish\Desktop\M3bi\UI/src/test/java/resources/specFiles/imtHomePage.spec:55)
  - "OutsideWelcomeText_EntireBox" is absent on page (C:\Users\Manish\Desktop\M3bi\UI/src/test/java/resources/specFiles/imtHomePage.spec:56)
  - "OutsideWelcomeText_EntireBox" is absent on page (C:\Users\Manish\Desktop\M3bi\UI/src/test/java/resources/specFiles/imtHomePage.spec:57)
  - "OutsideWelcomeText_EntireBox" is absent on page (C:\Users\Manish\Desktop\M3bi\UI/src/test/java/resources/specFiles/imtHomePage.spec:58)
  - "OutsideWelcomeText_EntireBox" is absent on page (C:\Users\Manish\Desktop\M3bi\UI/src/test/java/resources/specFiles/imtHomePage.spec:59)
  - "OutsideWelcomeText_EntireBox" is absent on page (C:\Users\Manish\Desktop\M3bi\UI/src/test/java/resources/specFiles/imtHomePage.spec:60)
  - "OutsideWelcomeText_EntireBox" is absent on page (C:\Users\Manish\Desktop\M3bi\UI/src/test/java/resources/specFiles/imtHomePage.spec:61)
  - "Plate_Number" height is 68.0px instead of 67.5px (C:\Users\Manish\Desktop\M3bi\UI/src/test/java/resources/specFiles/imtHomePage.spec:65)
  - "Plate_Number" width is 225.0px instead of 448.5px (C:\Users\Manish\Desktop\M3bi\UI/src/test/java/resources/specFiles/imtHomePage.spec:66)
  - "Plate_Number" css property "background-color" is "rgba(255, 255, 255, 1)" but should be "#FFFFFF" (C:\Users\Manish\Desktop\M3bi\UI/src/test/java/resources/specFiles/imtHomePage.spec:67)
  - Cannot find locator for "flag" in page spec (C:\Users\Manish\Desktop\M3bi\UI/src/test/java/resources/specFiles/imtHomePage.spec:68)
  - "Flag" height is 68px instead of 67px (C:\Users\Manish\Desktop\M3bi\UI/src/test/java/resources/specFiles/imtHomePage.spec:71)
  - "Flag" width is 49px instead of 48px (C:\Users\Manish\Desktop\M3bi\UI/src/test/java/resources/specFiles/imtHomePage.spec:72)
  - "Continue_button" height is 16px instead of 50px (C:\Users\Manish\Desktop\M3bi\UI/src/test/java/resources/specFiles/imtHomePage.spec:75)
  - "Continue_button" width is 63px instead of 217px (C:\Users\Manish\Desktop\M3bi\UI/src/test/java/resources/specFiles/imtHomePage.spec:76)
  - "Continue_button" css property "background-color" is "rgba(0, 0, 0, 0)" but should be "#CC0000" (C:\Users\Manish\Desktop\M3bi\UI/src/test/java/resources/specFiles/imtHomePage.spec:77)
  - "Continue_button_Text" is not aligned vertically centered with "Continue_button". Offset is 1px (C:\Users\Manish\Desktop\M3bi\UI/src/test/java/resources/specFiles/imtHomePage.spec:78)
  - "Continue_button_Text" height is 40px instead of 12px (C:\Users\Manish\Desktop\M3bi\UI/src/test/java/resources/specFiles/imtHomePage.spec:81)
  - "Continue_button_Text" width is 200.00px instead of 121.52px (C:\Users\Manish\Desktop\M3bi\UI/src/test/java/resources/specFiles/imtHomePage.spec:82)
  - "Continue_button_Text" css property "color" is "rgba(255, 255, 255, 1)" but should be "#FFFFFF" (C:\Users\Manish\Desktop\M3bi\UI/src/test/java/resources/specFiles/imtHomePage.spec:83)
  - "Continue_button_Text" css property "font-family" is ""Gotham A", "Gotham B"" but should contain "Gotham Medium" (C:\Users\Manish\Desktop\M3bi\UI/src/test/java/resources/specFiles/imtHomePage.spec:84)
  - "Continue_button_Text" css property "line-height" is "20px" but should be "13px" (C:\Users\Manish\Desktop\M3bi\UI/src/test/java/resources/specFiles/imtHomePage.spec:86)
  - "Continue_button_Text" css property "text-align" is "center" but should be "centered" (C:\Users\Manish\Desktop\M3bi\UI/src/test/java/resources/specFiles/imtHomePage.spec:87)
  - "Plate_Number" is not aligned vertically centered with "Continue_button_Text". Offset is 62px (C:\Users\Manish\Desktop\M3bi\UI/src/test/java/resources/specFiles/imtHomePage.spec:88)
  - "2018_MARSH_LLC_ALL_RIGHTS_RESERVED" is absent on page (C:\Users\Manish\Desktop\M3bi\UI/src/test/java/resources/specFiles/imtHomePage.spec:92)
  - "2018_MARSH_LLC_ALL_RIGHTS_RESERVED" is absent on page (C:\Users\Manish\Desktop\M3bi\UI/src/test/java/resources/specFiles/imtHomePage.spec:93)
  - "2018_MARSH_LLC_ALL_RIGHTS_RESERVED" is absent on page (C:\Users\Manish\Desktop\M3bi\UI/src/test/java/resources/specFiles/imtHomePage.spec:94)
  - "2018_MARSH_LLC_ALL_RIGHTS_RESERVED" is absent on page (C:\Users\Manish\Desktop\M3bi\UI/src/test/java/resources/specFiles/imtHomePage.spec:95)
  - "2018_MARSH_LLC_ALL_RIGHTS_RESERVED" is absent on page (C:\Users\Manish\Desktop\M3bi\UI/src/test/java/resources/specFiles/imtHomePage.spec:96)
  - "2018_MARSH_LLC_ALL_RIGHTS_RESERVED" is absent on page (C:\Users\Manish\Desktop\M3bi\UI/src/test/java/resources/specFiles/imtHomePage.spec:97)
  - "Privacy_Information" is absent on page (C:\Users\Manish\Desktop\M3bi\UI/src/test/java/resources/specFiles/imtHomePage.spec:100)
  - "Privacy_Information" is absent on page (C:\Users\Manish\Desktop\M3bi\UI/src/test/java/resources/specFiles/imtHomePage.spec:101)
  - "Privacy_Information" is absent on page (C:\Users\Manish\Desktop\M3bi\UI/src/test/java/resources/specFiles/imtHomePage.spec:102)
  - "Privacy_Information" is absent on page (C:\Users\Manish\Desktop\M3bi\UI/src/test/java/resources/specFiles/imtHomePage.spec:103)
  - "Privacy_Information" is absent on page (C:\Users\Manish\Desktop\M3bi\UI/src/test/java/resources/specFiles/imtHomePage.spec:104)
  - "Privacy_Information" is absent on page (C:\Users\Manish\Desktop\M3bi\UI/src/test/java/resources/specFiles/imtHomePage.spec:105)
  - "Conditions" is absent on page (C:\Users\Manish\Desktop\M3bi\UI/src/test/java/resources/specFiles/imtHomePage.spec:108)
  - "Conditions" is absent on page (C:\Users\Manish\Desktop\M3bi\UI/src/test/java/resources/specFiles/imtHomePage.spec:109)
  - "Conditions" is absent on page (C:\Users\Manish\Desktop\M3bi\UI/src/test/java/resources/specFiles/imtHomePage.spec:110)
  - "Conditions" is absent on page (C:\Users\Manish\Desktop\M3bi\UI/src/test/java/resources/specFiles/imtHomePage.spec:111)
  - "Conditions" is absent on page (C:\Users\Manish\Desktop\M3bi\UI/src/test/java/resources/specFiles/imtHomePage.spec:112)
  - "Conditions" is absent on page (C:\Users\Manish\Desktop\M3bi\UI/src/test/java/resources/specFiles/imtHomePage.spec:113)
  - "About_Marsh" is absent on page (C:\Users\Manish\Desktop\M3bi\UI/src/test/java/resources/specFiles/imtHomePage.spec:116)
  - "About_Marsh" is absent on page (C:\Users\Manish\Desktop\M3bi\UI/src/test/java/resources/specFiles/imtHomePage.spec:117)
  - "About_Marsh" is absent on page (C:\Users\Manish\Desktop\M3bi\UI/src/test/java/resources/specFiles/imtHomePage.spec:118)
  - "About_Marsh" is absent on page (C:\Users\Manish\Desktop\M3bi\UI/src/test/java/resources/specFiles/imtHomePage.spec:119)
  - "About_Marsh" is absent on page (C:\Users\Manish\Desktop\M3bi\UI/src/test/java/resources/specFiles/imtHomePage.spec:120)
  - "About_Marsh" is absent on page (C:\Users\Manish\Desktop\M3bi\UI/src/test/java/resources/specFiles/imtHomePage.spec:121)
  - "Contact" height is 15px instead of 14px (C:\Users\Manish\Desktop\M3bi\UI/src/test/java/resources/specFiles/imtHomePage.spec:124)
  - "Contact" width is 48px instead of 43px (C:\Users\Manish\Desktop\M3bi\UI/src/test/java/resources/specFiles/imtHomePage.spec:125)
  - "Contact" css property "color" is "rgba(34, 34, 34, 1)" but should be "#0090FF" (C:\Users\Manish\Desktop\M3bi\UI/src/test/java/resources/specFiles/imtHomePage.spec:126)
  - "Contact" css property "font-family" is ""Gotham A", "Gotham B"" but should contain "Helvetica Neue" (C:\Users\Manish\Desktop\M3bi\UI/src/test/java/resources/specFiles/imtHomePage.spec:127)
  - "Contact" css property "line-height" is "17.1429px" but should be "14px" (C:\Users\Manish\Desktop\M3bi\UI/src/test/java/resources/specFiles/imtHomePage.spec:129)
  - "Netherlands" is absent on page (C:\Users\Manish\Desktop\M3bi\UI/src/test/java/resources/specFiles/imtHomePage.spec:136)
  - "Netherlands" is absent on page (C:\Users\Manish\Desktop\M3bi\UI/src/test/java/resources/specFiles/imtHomePage.spec:137)
  - "Netherlands" is absent on page (C:\Users\Manish\Desktop\M3bi\UI/src/test/java/resources/specFiles/imtHomePage.spec:138)
  - "Netherlands" is absent on page (C:\Users\Manish\Desktop\M3bi\UI/src/test/java/resources/specFiles/imtHomePage.spec:139)
  - "Netherlands" is absent on page (C:\Users\Manish\Desktop\M3bi\UI/src/test/java/resources/specFiles/imtHomePage.spec:140)
  - "Netherlands" is absent on page (C:\Users\Manish\Desktop\M3bi\UI/src/test/java/resources/specFiles/imtHomePage.spec:141)
  - "If_not_Text" is absent on page (C:\Users\Manish\Desktop\M3bi\UI/src/test/java/resources/specFiles/imtHomePage.spec:144)
  - "Skip_Link" is absent on page (C:\Users\Manish\Desktop\M3bi\UI/src/test/java/resources/specFiles/imtHomePage.spec:147)

at component.TestBase.checkPageLayout(TestBase.java:144)
at tests.ImtHomePageTest.testImtHomePage(ImtHomePageTest.java:18)
at sun.reflect.NativeMethodAccessorImpl.invoke0(Native Method)
at sun.reflect.NativeMethodAccessorImpl.invoke(Unknown Source)
at sun.reflect.DelegatingMethodAccessorImpl.invoke(Unknown Source)
at java.lang.reflect.Method.invoke(Unknown Source)
at org.testng.internal.MethodInvocationHelper.invokeMethod(MethodInvocationHelper.java:124)
at org.testng.internal.Invoker.invokeMethod(Invoker.java:580)
at org.testng.internal.Invoker.invokeTestMethod(Invoker.java:716)
at org.testng.internal.Invoker.invokeTestMethods(Invoker.java:988)
at org.testng.internal.TestMethodWorker.invokeTestMethods(TestMethodWorker.java:125)
at org.testng.internal.TestMethodWorker.run(TestMethodWorker.java:109)
at org.testng.TestRunner.privateRun(TestRunner.java:648)
at org.testng.TestRunner.run(TestRunner.java:505)
at org.testng.SuiteRunner.runTest(SuiteRunner.java:455)
at org.testng.SuiteRunner.runSequentially(SuiteRunner.java:450)
at org.testng.SuiteRunner.privateRun(SuiteRunner.java:415)
at org.testng.SuiteRunner.run(SuiteRunner.java:364)
at org.testng.SuiteRunnerWorker.runSuite(SuiteRunnerWorker.java:52)
at org.testng.SuiteRunnerWorker.run(SuiteRunnerWorker.java:84)
at org.testng.TestNG.runSuitesSequentially(TestNG.java:1208)
at org.testng.TestNG.runSuitesLocally(TestNG.java:1137)
at org.testng.TestNG.runSuites(TestNG.java:1049)
at org.testng.TestNG.run(TestNG.java:1017)
at org.testng.remote.AbstractRemoteTestNG.run(AbstractRemoteTestNG.java:114)
at org.testng.remote.RemoteTestNG.initAndRun(RemoteTestNG.java:251)
at org.testng.remote.RemoteTestNG.main(RemoteTestNG.java:77)
Caused by: com.galenframework.support.LayoutValidationException: C:\Users\Manish\Desktop\M3bi\UI/src/test/java/resources/specFiles/imtHomePage.spec, tags: [desktop]
  - "INSURE" is absent on page (C:\Users\Manish\Desktop\M3bi\UI/src/test/java/resources/specFiles/imtHomePage.spec:35)
  - "CONDITIONS" is absent on page (C:\Users\Manish\Desktop\M3bi\UI/src/test/java/resources/specFiles/imtHomePage.spec:38)
  - "FAQS" is absent on page (C:\Users\Manish\Desktop\M3bi\UI/src/test/java/resources/specFiles/imtHomePage.spec:41)
  - "SIGNIN" is absent on page (C:\Users\Manish\Desktop\M3bi\UI/src/test/java/resources/specFiles/imtHomePage.spec:44)
  - "Car_Image" height is 232px instead of 272px (C:\Users\Manish\Desktop\M3bi\UI/src/test/java/resources/specFiles/imtHomePage.spec:48)
  - "Car_Image" width is 556px instead of 1011px (C:\Users\Manish\Desktop\M3bi\UI/src/test/java/resources/specFiles/imtHomePage.spec:49)
  - Cannot find locator for "WelcomeText_EntireBox" in page spec (C:\Users\Manish\Desktop\M3bi\UI/src/test/java/resources/specFiles/imtHomePage.spec:50)
  - "OutsideWelcomeText_EntireBox" is absent on page (C:\Users\Manish\Desktop\M3bi\UI/src/test/java/resources/specFiles/imtHomePage.spec:53)
  - "OutsideWelcomeText_EntireBox" is absent on page (C:\Users\Manish\Desktop\M3bi\UI/src/test/java/resources/specFiles/imtHomePage.spec:54)
  - "OutsideWelcomeText_EntireBox" is absent on page (C:\Users\Manish\Desktop\M3bi\UI/src/test/java/resources/specFiles/imtHomePage.spec:55)
  - "OutsideWelcomeText_EntireBox" is absent on page (C:\Users\Manish\Desktop\M3bi\UI/src/test/java/resources/specFiles/imtHomePage.spec:56)
  - "OutsideWelcomeText_EntireBox" is absent on page (C:\Users\Manish\Desktop\M3bi\UI/src/test/java/resources/specFiles/imtHomePage.spec:57)
  - "OutsideWelcomeText_EntireBox" is absent on page (C:\Users\Manish\Desktop\M3bi\UI/src/test/java/resources/specFiles/imtHomePage.spec:58)
  - "OutsideWelcomeText_EntireBox" is absent on page (C:\Users\Manish\Desktop\M3bi\UI/src/test/java/resources/specFiles/imtHomePage.spec:59)
  - "OutsideWelcomeText_EntireBox" is absent on page (C:\Users\Manish\Desktop\M3bi\UI/src/test/java/resources/specFiles/imtHomePage.spec:60)
  - "OutsideWelcomeText_EntireBox" is absent on page (C:\Users\Manish\Desktop\M3bi\UI/src/test/java/resources/specFiles/imtHomePage.spec:61)
  - "Plate_Number" height is 68.0px instead of 67.5px (C:\Users\Manish\Desktop\M3bi\UI/src/test/java/resources/specFiles/imtHomePage.spec:65)
  - "Plate_Number" width is 225.0px instead of 448.5px (C:\Users\Manish\Desktop\M3bi\UI/src/test/java/resources/specFiles/imtHomePage.spec:66)
  - "Plate_Number" css property "background-color" is "rgba(255, 255, 255, 1)" but should be "#FFFFFF" (C:\Users\Manish\Desktop\M3bi\UI/src/test/java/resources/specFiles/imtHomePage.spec:67)
  - Cannot find locator for "flag" in page spec (C:\Users\Manish\Desktop\M3bi\UI/src/test/java/resources/specFiles/imtHomePage.spec:68)
  - "Flag" height is 68px instead of 67px (C:\Users\Manish\Desktop\M3bi\UI/src/test/java/resources/specFiles/imtHomePage.spec:71)
  - "Flag" width is 49px instead of 48px (C:\Users\Manish\Desktop\M3bi\UI/src/test/java/resources/specFiles/imtHomePage.spec:72)
  - "Continue_button" height is 16px instead of 50px (C:\Users\Manish\Desktop\M3bi\UI/src/test/java/resources/specFiles/imtHomePage.spec:75)
  - "Continue_button" width is 63px instead of 217px (C:\Users\Manish\Desktop\M3bi\UI/src/test/java/resources/specFiles/imtHomePage.spec:76)
  - "Continue_button" css property "background-color" is "rgba(0, 0, 0, 0)" but should be "#CC0000" (C:\Users\Manish\Desktop\M3bi\UI/src/test/java/resources/specFiles/imtHomePage.spec:77)
  - "Continue_button_Text" is not aligned vertically centered with "Continue_button". Offset is 1px (C:\Users\Manish\Desktop\M3bi\UI/src/test/java/resources/specFiles/imtHomePage.spec:78)
  - "Continue_button_Text" height is 40px instead of 12px (C:\Users\Manish\Desktop\M3bi\UI/src/test/java/resources/specFiles/imtHomePage.spec:81)
  - "Continue_button_Text" width is 200.00px instead of 121.52px (C:\Users\Manish\Desktop\M3bi\UI/src/test/java/resources/specFiles/imtHomePage.spec:82)
  - "Continue_button_Text" css property "color" is "rgba(255, 255, 255, 1)" but should be "#FFFFFF" (C:\Users\Manish\Desktop\M3bi\UI/src/test/java/resources/specFiles/imtHomePage.spec:83)
  - "Continue_button_Text" css property "font-family" is ""Gotham A", "Gotham B"" but should contain "Gotham Medium" (C:\Users\Manish\Desktop\M3bi\UI/src/test/java/resources/specFiles/imtHomePage.spec:84)
  - "Continue_button_Text" css property "line-height" is "20px" but should be "13px" (C:\Users\Manish\Desktop\M3bi\UI/src/test/java/resources/specFiles/imtHomePage.spec:86)
  - "Continue_button_Text" css property "text-align" is "center" but should be "centered" (C:\Users\Manish\Desktop\M3bi\UI/src/test/java/resources/specFiles/imtHomePage.spec:87)
  - "Plate_Number" is not aligned vertically centered with "Continue_button_Text". Offset is 62px (C:\Users\Manish\Desktop\M3bi\UI/src/test/java/resources/specFiles/imtHomePage.spec:88)
  - "2018_MARSH_LLC_ALL_RIGHTS_RESERVED" is absent on page (C:\Users\Manish\Desktop\M3bi\UI/src/test/java/resources/specFiles/imtHomePage.spec:92)
  - "2018_MARSH_LLC_ALL_RIGHTS_RESERVED" is absent on page (C:\Users\Manish\Desktop\M3bi\UI/src/test/java/resources/specFiles/imtHomePage.spec:93)
  - "2018_MARSH_LLC_ALL_RIGHTS_RESERVED" is absent on page (C:\Users\Manish\Desktop\M3bi\UI/src/test/java/resources/specFiles/imtHomePage.spec:94)
  - "2018_MARSH_LLC_ALL_RIGHTS_RESERVED" is absent on page (C:\Users\Manish\Desktop\M3bi\UI/src/test/java/resources/specFiles/imtHomePage.spec:95)
  - "2018_MARSH_LLC_ALL_RIGHTS_RESERVED" is absent on page (C:\Users\Manish\Desktop\M3bi\UI/src/test/java/resources/specFiles/imtHomePage.spec:96)
  - "2018_MARSH_LLC_ALL_RIGHTS_RESERVED" is absent on page (C:\Users\Manish\Desktop\M3bi\UI/src/test/java/resources/specFiles/imtHomePage.spec:97)
  - "Privacy_Information" is absent on page (C:\Users\Manish\Desktop\M3bi\UI/src/test/java/resources/specFiles/imtHomePage.spec:100)
  - "Privacy_Information" is absent on page (C:\Users\Manish\Desktop\M3bi\UI/src/test/java/resources/specFiles/imtHomePage.spec:101)
  - "Privacy_Information" is absent on page (C:\Users\Manish\Desktop\M3bi\UI/src/test/java/resources/specFiles/imtHomePage.spec:102)
  - "Privacy_Information" is absent on page (C:\Users\Manish\Desktop\M3bi\UI/src/test/java/resources/specFiles/imtHomePage.spec:103)
  - "Privacy_Information" is absent on page (C:\Users\Manish\Desktop\M3bi\UI/src/test/java/resources/specFiles/imtHomePage.spec:104)
  - "Privacy_Information" is absent on page (C:\Users\Manish\Desktop\M3bi\UI/src/test/java/resources/specFiles/imtHomePage.spec:105)
  - "Conditions" is absent on page (C:\Users\Manish\Desktop\M3bi\UI/src/test/java/resources/specFiles/imtHomePage.spec:108)
  - "Conditions" is absent on page (C:\Users\Manish\Desktop\M3bi\UI/src/test/java/resources/specFiles/imtHomePage.spec:109)
  - "Conditions" is absent on page (C:\Users\Manish\Desktop\M3bi\UI/src/test/java/resources/specFiles/imtHomePage.spec:110)
  - "Conditions" is absent on page (C:\Users\Manish\Desktop\M3bi\UI/src/test/java/resources/specFiles/imtHomePage.spec:111)
  - "Conditions" is absent on page (C:\Users\Manish\Desktop\M3bi\UI/src/test/java/resources/specFiles/imtHomePage.spec:112)
  - "Conditions" is absent on page (C:\Users\Manish\Desktop\M3bi\UI/src/test/java/resources/specFiles/imtHomePage.spec:113)
  - "About_Marsh" is absent on page (C:\Users\Manish\Desktop\M3bi\UI/src/test/java/resources/specFiles/imtHomePage.spec:116)
  - "About_Marsh" is absent on page (C:\Users\Manish\Desktop\M3bi\UI/src/test/java/resources/specFiles/imtHomePage.spec:117)
  - "About_Marsh" is absent on page (C:\Users\Manish\Desktop\M3bi\UI/src/test/java/resources/specFiles/imtHomePage.spec:118)
  - "About_Marsh" is absent on page (C:\Users\Manish\Desktop\M3bi\UI/src/test/java/resources/specFiles/imtHomePage.spec:119)
  - "About_Marsh" is absent on page (C:\Users\Manish\Desktop\M3bi\UI/src/test/java/resources/specFiles/imtHomePage.spec:120)
  - "About_Marsh" is absent on page (C:\Users\Manish\Desktop\M3bi\UI/src/test/java/resources/specFiles/imtHomePage.spec:121)
  - "Contact" height is 15px instead of 14px (C:\Users\Manish\Desktop\M3bi\UI/src/test/java/resources/specFiles/imtHomePage.spec:124)
  - "Contact" width is 48px instead of 43px (C:\Users\Manish\Desktop\M3bi\UI/src/test/java/resources/specFiles/imtHomePage.spec:125)
  - "Contact" css property "color" is "rgba(34, 34, 34, 1)" but should be "#0090FF" (C:\Users\Manish\Desktop\M3bi\UI/src/test/java/resources/specFiles/imtHomePage.spec:126)
  - "Contact" css property "font-family" is ""Gotham A", "Gotham B"" but should contain "Helvetica Neue" (C:\Users\Manish\Desktop\M3bi\UI/src/test/java/resources/specFiles/imtHomePage.spec:127)
  - "Contact" css property "line-height" is "17.1429px" but should be "14px" (C:\Users\Manish\Desktop\M3bi\UI/src/test/java/resources/specFiles/imtHomePage.spec:129)
  - "Netherlands" is absent on page (C:\Users\Manish\Desktop\M3bi\UI/src/test/java/resources/specFiles/imtHomePage.spec:136)
  - "Netherlands" is absent on page (C:\Users\Manish\Desktop\M3bi\UI/src/test/java/resources/specFiles/imtHomePage.spec:137)
  - "Netherlands" is absent on page (C:\Users\Manish\Desktop\M3bi\UI/src/test/java/resources/specFiles/imtHomePage.spec:138)
  - "Netherlands" is absent on page (C:\Users\Manish\Desktop\M3bi\UI/src/test/java/resources/specFiles/imtHomePage.spec:139)
  - "Netherlands" is absent on page (C:\Users\Manish\Desktop\M3bi\UI/src/test/java/resources/specFiles/imtHomePage.spec:140)
  - "Netherlands" is absent on page (C:\Users\Manish\Desktop\M3bi\UI/src/test/java/resources/specFiles/imtHomePage.spec:141)
  - "If_not_Text" is absent on page (C:\Users\Manish\Desktop\M3bi\UI/src/test/java/resources/specFiles/imtHomePage.spec:144)
  - "Skip_Link" is absent on page (C:\Users\Manish\Desktop\M3bi\UI/src/test/java/resources/specFiles/imtHomePage.spec:147)

at com.galenframework.support.GalenJavaTestBase.checkLayout(GalenJavaTestBase.java:129)
at com.galenframework.support.GalenJavaTestBase.checkLayout(GalenJavaTestBase.java:111)
at component.TestBase.checkPageLayout(TestBase.java:140)
... 26 more
]]>
            </full-stacktrace>
          </exception> <!-- java.lang.RuntimeException -->
          <reporter-output>
          </reporter-output>
        </test-method> <!-- testImtHomePage -->
        <test-method status="PASS" signature="provideTestEndDate()[pri:0, instance:tests.ImtHomePageTest@320068]" name="provideTestEndDate" is-config="true" duration-ms="1" started-at="2019-05-16T14:34:49Z" finished-at="2019-05-16T14:34:49Z">
          <reporter-output>
          </reporter-output>
        </test-method> <!-- provideTestEndDate -->
        <test-method status="PASS" signature="quitDriver()[pri:0, instance:tests.ImtHomePageTest@320068]" name="quitDriver" is-config="true" duration-ms="840" started-at="2019-05-16T14:34:49Z" finished-at="2019-05-16T14:34:50Z">
          <reporter-output>
          </reporter-output>
        </test-method> <!-- quitDriver -->
      </class> <!-- tests.ImtHomePageTest -->
    </test> <!-- Test -->
  </suite> <!-- Suite -->
</testng-results>
